INFO:     Will watch for changes in these directories: ['G:\\infraGenie\\backend']
INFO:     Uvicorn running on http://0.0.0.0:8000 (Press CTRL+C to quit)
INFO:     Started reloader process [12176] using WatchFiles
INFO:     Started server process [26432]
INFO:     Waiting for application startup.
2026-07-04 00:20:08,778 - root - INFO - Seeded guest Azure/AI/TF credentials for user bc22a3b5-66a0-442a-ab93-90d6dff42e99
INFO:     Application startup complete.
ERROR:    Exception in ASGI application
Traceback (most recent call last):
  File "G:\infraGenie\venv\Lib\site-packages\uvicorn\protocols\http\h11_impl.py", line 408, in run_asgi
    result = await app(  # type: ignore[func-returns-value]
             ^^^^^^^^^^^^^^^^^^^^^^^^^^^^^^^^^^^^^^^^^^^^^^
        self.scope, self.receive, self.send
        ^^^^^^^^^^^^^^^^^^^^^^^^^^^^^^^^^^^
    )
    ^
  File "G:\infraGenie\venv\Lib\site-packages\uvicorn\middleware\proxy_headers.py", line 84, in __call__
    return await self.app(scope, receive, send)
           ^^^^^^^^^^^^^^^^^^^^^^^^^^^^^^^^^^^^
  File "G:\infraGenie\venv\Lib\site-packages\fastapi\applications.py", line 1054, in __call__
    await super().__call__(scope, receive, send)
  File "G:\infraGenie\venv\Lib\site-packages\starlette\applications.py", line 123, in __call__
    await self.middleware_stack(scope, receive, send)
  File "G:\infraGenie\venv\Lib\site-packages\starlette\middleware\errors.py", line 186, in __call__
    raise exc
  File "G:\infraGenie\venv\Lib\site-packages\starlette\middleware\errors.py", line 164, in __call__
    await self.app(scope, receive, _send)
  File "G:\infraGenie\venv\Lib\site-packages\starlette\middleware\cors.py", line 85, in __call__
    await self.app(scope, receive, send)
  File "G:\infraGenie\venv\Lib\site-packages\starlette\middleware\exceptions.py", line 65, in __call__
    await wrap_app_handling_exceptions(self.app, conn)(scope, receive, send)
  File "G:\infraGenie\venv\Lib\site-packages\starlette\_exception_handler.py", line 64, in wrapped_app
    raise exc
  File "G:\infraGenie\venv\Lib\site-packages\starlette\_exception_handler.py", line 53, in wrapped_app
    await app(scope, receive, sender)
  File "G:\infraGenie\venv\Lib\site-packages\starlette\routing.py", line 756, in __call__
    await self.middleware_stack(scope, receive, send)
  File "G:\infraGenie\venv\Lib\site-packages\starlette\routing.py", line 776, in app
    await route.handle(scope, receive, send)
  File "G:\infraGenie\venv\Lib\site-packages\starlette\routing.py", line 297, in handle
    await self.app(scope, receive, send)
  File "G:\infraGenie\venv\Lib\site-packages\starlette\routing.py", line 77, in app
    await wrap_app_handling_exceptions(app, request)(scope, receive, send)
  File "G:\infraGenie\venv\Lib\site-packages\starlette\_exception_handler.py", line 64, in wrapped_app
    raise exc
  File "G:\infraGenie\venv\Lib\site-packages\starlette\_exception_handler.py", line 53, in wrapped_app
    await app(scope, receive, sender)
  File "G:\infraGenie\venv\Lib\site-packages\starlette\routing.py", line 72, in app
    response = await func(request)
               ^^^^^^^^^^^^^^^^^^^
  File "G:\infraGenie\venv\Lib\site-packages\fastapi\applications.py", line 1009, in openapi
    return JSONResponse(self.openapi())
                        ~~~~~~~~~~~~^^
  File "G:\infraGenie\venv\Lib\site-packages\fastapi\applications.py", line 981, in openapi
    self.openapi_schema = get_openapi(
                          ~~~~~~~~~~~^
        title=self.title,
        ^^^^^^^^^^^^^^^^^
    ...<11 lines>...
        separate_input_output_schemas=self.separate_input_output_schemas,
        ^^^^^^^^^^^^^^^^^^^^^^^^^^^^^^^^^^^^^^^^^^^^^^^^^^^^^^^^^^^^^^^^^
    )
    ^
  File "G:\infraGenie\venv\Lib\site-packages\fastapi\openapi\utils.py", line 475, in get_openapi
    field_mapping, definitions = get_definitions(
                                 ~~~~~~~~~~~~~~~^
        fields=all_fields,
        ^^^^^^^^^^^^^^^^^^
    ...<2 lines>...
        separate_input_output_schemas=separate_input_output_schemas,
        ^^^^^^^^^^^^^^^^^^^^^^^^^^^^^^^^^^^^^^^^^^^^^^^^^^^^^^^^^^^^
    )
    ^
  File "G:\infraGenie\venv\Lib\site-packages\fastapi\_compat.py", line 227, in get_definitions
    field_mapping, definitions = schema_generator.generate_definitions(
                                 ~~~~~~~~~~~~~~~~~~~~~~~~~~~~~~~~~~~~~^
        inputs=inputs
        ^^^^^^^^^^^^^
    )
    ^
  File "G:\infraGenie\venv\Lib\site-packages\pydantic\json_schema.py", line 386, in generate_definitions
    self.generate_inner(schema)
    ~~~~~~~~~~~~~~~~~~~^^^^^^^^
  File "G:\infraGenie\venv\Lib\site-packages\pydantic\json_schema.py", line 466, in generate_inner
    if 'ref' in schema:
       ^^^^^^^^^^^^^^^
  File "<frozen _collections_abc>", line 801, in __contains__
  File "G:\infraGenie\venv\Lib\site-packages\pydantic\_internal\_mock_val_ser.py", line 41, in __getitem__
    return self._get_built().__getitem__(key)
           ~~~~~~~~~~~~~~~^^
  File "G:\infraGenie\venv\Lib\site-packages\pydantic\_internal\_mock_val_ser.py", line 58, in _get_built
    raise PydanticUserError(self._error_message, code=self._code)
pydantic.errors.PydanticUserError: `TypeAdapter[typing.Annotated[ForwardRef('_UserCreate'), Query(PydanticUndefined)]]` is not fully defined; you should define `typing.Annotated[ForwardRef('_UserCreate'), Query(PydanticUndefined)]` and all referenced types, then call `.rebuild()` on the instance.

For further information visit https://errors.pydantic.dev/2.13/u/class-not-fully-defined
